0 x18F00400 0F FF FF 50 14 FF FF FF
0 x18FEE000 FF FF FF FF 31 01 00 00
0 x18FEF100 FF 00 64 FF FF FF 1F FF
0 x18F00400 0F FF FF 50 14 FF FF FF
0 x18EAFF4A E9 FE 00
0 x18EAFF4A E5 FE 00
0 x18FEE900 FF FF FF FF 1B 00 00 00
0 x18FEE500 07 00 00 00 FF FF FF FF
0 x18F00400 0F FF FF 50 14 FF FF FF
0 x18FEE000 FF FF FF FF 31 01 00 00
0 x18FEF100 FF 00 64 FF FF FF 1F FF
0 x18F00400 0F FF FF 50 14 FF FF FF
0 x18F00400 0F FF FF 50 14 FF FF FF
0 x18FEE000 FF FF FF FF 31 01 00 00
0 x18FEF100 FF 00 64 FF FF FF 1F FF
0 x18F00400 0F FF FF 50 14 FF FF FF
0 x18F00400 0F FF FF 50 14 FF FF FF
0 x18FEE000 FF FF FF FF 31 01 00 00
0 x18FEF100 FF 00 64 FF FF FF 1F FF
0 x18F00400 0F FF FF 50 14 FF FF FF
0 x18FEEE00 77 FF FF FF FF FF FF FF
0 x18FEEF00 FF FF FF 3F FF FF FF FF
0 x18FECA00 00 00 09 00 1F 7F 00 00
0 x18F00400 0F FF FF 50 14 FF FF FF
0 x18FEE000 FF FF FF FF 31 01 00 00
0 x18FEF100 FF 00 64 FF FF FF 1F FF
0 x18F00400 0F FF FF 50 14 FF FF FF
0 x18F00400 0F FF FF 50 14 FF FF FF
0 x18FEE000 FF FF FF FF 31 01 00 00
0 x18FEF100 FF 00 64 FF FF FF 1F FF
0 x18F00400 0F FF FF 50 14 FF FF FF
0 x18F00400 0F FF FF 50 14 FF FF FF
0 x18FEE000 FF FF FF FF 31 01 00 00
0 x18FEF100 FF 00 64 FF FF FF 1F FF
0 x18F00400 0F FF FF 50 14 FF FF FF
0 x18F00400 0F FF FF 50 14 FF FF FF
0 x18FEE000 FF FF FF FF 31 01 00 00
0 x18FEF100 FF 00 64 FF FF FF 1F FF
0 x18F00400 0F FF FF 50 14 FF FF FF
0 x18F00400 0F FF FF 50 14 FF FF FF
0 x18FEE000 FF FF FF FF 31 01 00 00
0 x18FEF100 FF 00 64 FF FF FF 1F FF
0 x18F00400 0F FF FF 50 14 FF FF FF
0 x18FEEF00 FF FF FF 3F FF FF FF FF
0 x18F00400 0F FF FF 50 14 FF FF FF
0 x18FEE000 FF FF FF FF 31 01 00 00
0 x18FEF100 FF 00 64 FF FF FF 1F FF
0 x18F00400 0F FF FF 50 14 FF FF FF
0 x18F00400 0F FF FF 50 14 FF FF FF
0 x18FEE000 FF FF FF FF 31 01 00 00
0 x18FEF100 FF 00 64 FF FF FF 1F FF
0 x18F00400 0F FF FF 50 14 FF FF FF
0 x18EAFF4A E9 FE 00
0 x18EAFF4A E5 FE 00
0 x18FEE900 FF FF FF FF 1B 00 00 00
0 x18FEE500 07 00 00 00 FF FF FF FF
0 x18F00400 0F FF FF 50 14 FF FF FF
0 x18FEE000 FF FF FF FF 31 01 00 00
0 x18FEF100 FF 00 64 FF FF FF 1F FF
0 x18F00400 0F FF FF 50 14 FF FF FF
0 x18F00400 0F FF FF 50 14 FF FF FF
0 x18FEE000 FF FF FF FF 31 01 00 00
0 x18FEF100 FF 00 64 FF FF FF 1F FF
0 x18F00400 0F FF FF 50 14 FF FF FF
0 x18F00400 0F FF FF 50 14 FF FF FF
0 x18FEE000 FF FF FF FF 31 01 00 00
0 x18FEF100 FF 00 64 FF FF FF 1F FF
0 x18F00400 0F FF FF 50 14 FF FF FF
0 x18FEEE00 77 FF FF FF FF FF FF FF
0 x18FEEF00 FF FF FF 3F FF FF FF FF
0 x18FECA00 00 00 09 00 1F 7F 00 00
0 x18F00400 0F FF FF 50 14 FF FF FF
0 x18FEE000 FF FF FF FF 31 01 00 00
0 x18FEF100 FF 00 64 FF FF FF 1F FF
0 x18F00400 0F FF FF 50 14 FF FF FF
0 x18F00400 0F FF FF 50 14 FF FF FF
0 x18FEE000 FF FF FF FF 31 01 00 00
0 x18FEF100 FF 00 64 FF FF FF 1F FF
0 x18F00400 0F FF FF 50 14 FF FF FF
0 x18F00400 0F FF FF 50 14 FF FF FF
0 x18FEE000 FF FF FF FF 31 01 00 00
0 x18FEF100 FF 00 64 FF FF FF 1F FF
0 x18F00400 0F FF FF 50 14 FF FF FF
0 x18F00400 0F FF FF 50 14 FF FF FF
0 x18FEE000 FF FF FF FF 32 01 00 00
0 x18FEF100 FF 00 64 FF FF FF 1F FF
0 x18F00400 0F FF FF 50 14 FF FF FF
0 x18F00400 0F FF FF 50 14 FF FF FF
0 x18FEE000 FF FF FF FF 32 01 00 00
0 x18FEF100 FF 00 64 FF FF FF 1F FF
0 x18F00400 0F FF FF 50 14 FF FF FF
0 x18FEEF00 FF FF FF 3F FF FF FF FF
0 x18F00400 0F FF FF 50 14 FF FF FF
0 x18FEE000 FF FF FF FF 32 01 00 00
0 x18FEF100 FF 00 64 FF FF FF 1F FF
0 x18F00400 0F FF FF 50 14 FF FF FF
0 x18F00400 0F FF FF 50 14 FF FF FF
0 x18FEE000 FF FF FF FF 32 01 00 00
0 x18FEF100 FF 00 64 FF FF FF 1F FF
0 x18F00400 0F FF FF 50 14 FF FF FF
0 x18EAFF4A E9 FE 00
0 x18EAFF4A E5 FE 00
0 x18FEE900 FF FF FF FF 1B 00 00 00
0 x18FEE500 07 00 00 00 FF FF FF FF
0 x18F00400 0F FF FF 50 14 FF FF FF
0 x18FEE000 FF FF FF FF 32 01 00 00
0 x18FEF100 FF 00 64 FF FF FF 1F FF
0 x18F00400 0F FF FF 50 14 FF FF FF
0 x18F00400 0F FF FF 50 14 FF FF FF
0 x18FEE000 FF FF FF FF 32 01 00 00
0 x18FEF100 FF 00 64 FF FF FF 1F FF
0 x18F00400 0F FF FF 50 14 FF FF FF
0 x18F00400 0F FF FF 50 14 FF FF FF
0 x18FEE000 FF FF FF FF 32 01 00 00
0 x18FEF100 FF 00 64 FF FF FF 1F FF
0 x18F00400 0F FF FF 50 14 FF FF FF
0 x18FEEE00 77 FF FF FF FF FF FF FF
0 x18FEEF00 FF FF FF 3F FF FF FF FF
0 x18FECA00 00 00 09 00 1F 7F 00 00
0 x18F00400 0F FF FF 50 14 FF FF FF
0 x18FEE000 FF FF FF FF 32 01 00 00
0 x18FEF100 FF 00 64 FF FF FF 1F FF
0 x18F00400 0F FF FF 50 14 FF FF FF
0 x18F00400 0F FF FF 50 14 FF FF FF
0 x18FEE000 FF FF FF FF 32 01 00 00
0 x18FEF100 FF 00 64 FF FF FF 1F FF
0 x18F00400 0F FF FF 50 14 FF FF FF
0 x18F00400 0F FF FF 50 14 FF FF FF
0 x18FEE000 FF FF FF FF 32 01 00 00
0 x18FEF100 FF 00 64 FF FF FF 1F FF
0 x18F00400 0F FF FF 50 14 FF FF FF
0 x18F00400 0F FF FF 50 14 FF FF FF
0 x18FEE000 FF FF FF FF 32 01 00 00
0 x18FEF100 FF 00 64 FF FF FF 1F FF
0 x18F00400 0F FF FF 50 14 FF FF FF
0 x18F00400 0F FF FF 50 14 FF FF FF
0 x18FEE000 FF FF FF FF 32 01 00 00
0 x18FEF100 FF 00 64 FF FF FF 1F FF
0 x18F00400 0F FF FF 50 14 FF FF FF
0 x18FEEF00 FF FF FF 3F FF FF FF FF
0 x18F00400 0F FF FF 50 14 FF FF FF
0 x18FEE000 FF FF FF FF 32 01 00 00
0 x18FEF100 FF 00 64 FF FF FF 1F FF
0 x18F00400 0F FF FF 50 14 FF FF FF
0 x18F00400 0F FF FF 50 14 FF FF FF
0 x18FEE000 FF FF FF FF 32 01 00 00
0 x18FEF100 FF 00 64 FF FF FF 1F FF
0 x18F00400 0F FF FF 50 14 FF FF FF
0 x18EAFF4A E9 FE 00
0 x18EAFF4A E5 FE 00
0 x18FEE900 FF FF FF FF 1B 00 00 00
0 x18FEE500 07 00 00 00 FF FF FF FF
0 x18F00400 0F FF FF 50 14 FF FF FF
0 x18FEE000 FF FF FF FF 32 01 00 00
0 x18FEF100 FF 00 64 FF FF FF 1F FF
0 x18F00400 0F FF FF 50 14 FF FF FF
0 x18F00400 0F FF FF 50 14 FF FF FF
0 x18FEE000 FF FF FF FF 32 01 00 00
0 x18FEF100 FF 00 64 FF FF FF 1F FF
0 x18F00400 0F FF FF 50 14 FF FF FF
0 x18F00400 0F FF FF 50 14 FF FF FF
0 x18FEE000 FF FF FF FF 32 01 00 00
0 x18FEF100 FF 00 64 FF FF FF 1F FF
0 x18F00400 0F FF FF 50 14 FF FF FF
0 x18FEEE00 77 FF FF FF FF FF FF FF
0 x18FEEF00 FF FF FF 3F FF FF FF FF
0 x18FECA00 00 00 09 00 1F 7F 00 00
0 x18F00400 0F FF FF 50 14 FF FF FF
0 x18FEE000 FF FF FF FF 32 01 00 00
0 x18FEF100 FF 00 64 FF FF FF 1F FF
0 x18F00400 0F FF FF 50 14 FF FF FF
0 x18F00400 0F FF FF 50 14 FF FF FF
0 x18FEE000 FF FF FF FF 32 01 00 00
0 x18FEF100 FF 00 64 FF FF FF 1F FF
0 x18F00400 0F FF FF 50 14 FF FF FF
0 x18F00400 0F FF FF 50 14 FF FF FF
0 x18FEE000 FF FF FF FF 32 01 00 00
0 x18FEF100 FF 00 64 FF FF FF 1F FF
0 x18F00400 0F FF FF 50 14 FF FF FF
0 x18F00400 0F FF FF 50 14 FF FF FF
0 x18FEE000 FF FF FF FF 32 01 00 00
0 x18FEF100 FF 00 64 FF FF FF 1F FF
0 x18F00400 0F FF FF 50 14 FF FF FF
0 x18F00400 0F FF FF 50 14 FF FF FF
0 x18FEE000 FF FF FF FF 32 01 00 00
0 x18FEF100 FF 00 64 FF FF FF 1F FF
0 x18F00400 0F FF FF 50 14 FF FF FF
0 x18FEEF00 FF FF FF 3F FF FF FF FF
0 x18F00400 0F FF FF 50 14 FF FF FF
0 x18FEE000 FF FF FF FF 32 01 00 00
0 x18FEF100 FF 00 64 FF FF FF 1F FF
0 x18F00400 0F FF FF 50 14 FF FF FF
0 x18F00400 0F FF FF 50 14 FF FF FF
0 x18FEE000 FF FF FF FF 32 01 00 00
0 x18FEF100 FF 00 64 FF FF FF 1F FF
0 x18F00400 0F FF FF 50 14 FF FF FF
0 x18EAFF4A E9 FE 00
0 x18EAFF4A E5 FE 00
0 x18FEE900 FF FF FF FF 1B 00 00 00
0 x18FEE500 07 00 00 00 FF FF FF FF
0 x18F00400 0F FF FF 50 14 FF FF FF
0 x18FEE000 FF FF FF FF 32 01 00 00
0 x18FEF100 FF 00 64 FF FF FF 1F FF
0 x18F00400 0F FF FF 50 14 FF FF FF
0 x18F00400 0F FF FF 50 14 FF FF FF
0 x18FEE000 FF FF FF FF 32 01 00 00
0 x18FEF100 FF 00 64 FF FF FF 1F FF
0 x18F00400 0F FF FF 50 14 FF FF FF
0 x18F00400 0F FF FF 50 14 FF FF FF
0 x18FEE000 FF FF FF FF 32 01 00 00
0 x18FEF100 FF 00 64 FF FF FF 1F FF
0 x18F00400 0F FF FF 50 14 FF FF FF
0 x18FEEE00 77 FF FF FF FF FF FF FF
0 x18FEEF00 FF FF FF 3F FF FF FF FF
0 x18FECA00 00 00 09 00 1F 7F 00 00
0 x18F00400 0F FF FF 50 14 FF FF FF
0 x18FEE000 FF FF FF FF 32 01 00 00
0 x18FEF100 FF 00 64 FF FF FF 1F FF
0 x18F00400 0F FF FF 50 14 FF FF FF
0 x18F00400 0F FF FF 50 14 FF FF FF
0 x18FEE000 FF FF FF FF 32 01 00 00
0 x18FEF100 FF 00 64 FF FF FF 1F FF
0 x18F00400 0F FF FF 50 14 FF FF FF
0 x18F00400 0F FF FF 50 14 FF FF FF
0 x18FEE000 FF FF FF FF 32 01 00 00
0 x18FEF100 FF 00 64 FF FF FF 1F FF
0 x18F00400 0F FF FF 50 14 FF FF FF
0 x18EAFF00 CC FE 00
0 x18E8FF4A 00 00 00 00 FF CC FE 00
0 x18F00400 0F FF FF 50 14 FF FF FF
0 x18FEE000 FF FF FF FF 32 01 00 00
0 x18FEF100 FF 00 64 FF FF FF 1F FF
0 x18F00400 0F FF FF 50 14 FF FF FF
0 x18F00400 0F FF FF 50 14 FF FF FF
0 x18FEE000 FF FF FF FF 32 01 00 00
0 x18FEF100 FF 00 64 FF FF FF 1F FF
0 x18F00400 0F FF FF 50 14 FF FF FF
0 x18FEEF00 FF FF FF 3F FF FF FF FF
0 x18F00400 0F FF FF 50 14 FF FF FF
0 x18FEE000 FF FF FF FF 32 01 00 00
0 x18FEF100 FF 00 64 FF FF FF 1F FF
0 x18F00400 0F FF FF 50 14 FF FF FF
0 x18F00400 0F FF FF 50 14 FF FF FF
0 x18FEE000 FF FF FF FF 32 01 00 00
0 x18FEF100 FF 00 64 FF FF FF 1F FF
0 x18F00400 0F FF FF 50 14 FF FF FF
0 x18EAFF4A E9 FE 00
0 x18EAFF4A E5 FE 00
0 x18FEE900 FF FF FF FF 1B 00 00 00
0 x18FEE500 07 00 00 00 FF FF FF FF
0 x18F00400 0F FF FF 50 14 FF FF FF
0 x18FEE000 FF FF FF FF 32 01 00 00
0 x18FEF100 FF 00 64 FF FF FF 1F FF
0 x18F00400 0F FF FF 50 14 FF FF FF
0 x18F00400 0F FF FF 50 14 FF FF FF
0 x18FEE000 FF FF FF FF 32 01 00 00
0 x18FEF100 FF 00 64 FF FF FF 1F FF
0 x18F00400 0F FF FF 50 14 FF FF FF
0 x18F00400 0F FF FF 50 14 FF FF FF
0 x18FEE000 FF FF FF FF 32 01 00 00
0 x18FEF100 FF 00 64 FF FF FF 1F FF
0 x18F00400 0F FF FF 50 14 FF FF FF
0 x18FEEE00 77 FF FF FF FF FF FF FF
0 x18FEEF00 FF FF FF 3F FF FF FF FF
0 x18FECA00 00 00 00 00 00 00 00 00
0 x18F00400 0F FF FF 50 14 FF FF FF
0 x18FEE000 FF FF FF FF 32 01 00 00
0 x18FEF100 FF 00 64 FF FF FF 1F FF
0 x18F00400 0F FF FF 50 14 FF FF FF
0 x18F00400 0F FF FF 50 14 FF FF FF
0 x18FEE000 FF FF FF FF 32 01 00 00
0 x18FEF100 FF 00 64 FF FF FF 1F FF
0 x18F00400 0F FF FF 50 14 FF FF FF
0 x18F00400 0F FF FF 50 14 FF FF FF
0 x18FEE000 FF FF FF FF 32 01 00 00
0 x18FEF100 FF 00 64 FF FF FF 1F FF
0 x18F00400 0F FF FF 50 14 FF FF FF
0 x18EAFF00 CC FE 00
0 x18E8FF4A 00 00 00 00 FF CC FE 00
0 x18F00400 0F FF FF 50 14 FF FF FF
0 x18FEE000 FF FF FF FF 32 01 00 00
0 x18FEF100 FF 00 64 FF FF FF 1F FF
0 x18F00400 0F FF FF 50 14 FF FF FF
0 x18F00400 0F FF FF 50 14 FF FF FF
0 x18FEE000 FF FF FF FF 32 01 00 00
0 x18FEF100 FF 00 64 FF FF FF 1F FF
0 x18F00400 0F FF FF 50 14 FF FF FF
0 x18FEEF00 FF FF FF 3F FF FF FF FF
0 x18F00400 0F FF FF 50 14 FF FF FF
0 x18FEE000 FF FF FF FF 32 01 00 00
0 x18FEF100 FF 00 64 FF FF FF 1F FF
0 x18F00400 0F FF FF 50 14 FF FF FF
0 x18F00400 0F FF FF 50 14 FF FF FF
0 x18FEE000 FF FF FF FF 32 01 00 00
0 x18FEF100 FF 00 64 FF FF FF 1F FF
0 x18F00400 0F FF FF 50 14 FF FF FF
0 x18EAFF4A E9 FE 00
0 x18EAFF4A E5 FE 00
0 x18FEE900 FF FF FF FF 1B 00 00 00
0 x18FEE500 07 00 00 00 FF FF FF FF
0 x18F00400 0F FF FF 50 14 FF FF FF
0 x18FEE000 FF FF FF FF 32 01 00 00
0 x18FEF100 FF 00 64 FF FF FF 1F FF
0 x18F00400 0F FF FF 50 14 FF FF FF
0 x18F00400 0F FF FF 50 14 FF FF FF
0 x18FEE000 FF FF FF FF 32 01 00 00
0 x18FEF100 FF 00 64 FF FF FF 1F FF
0 x18F00400 0F FF FF 50 14 FF FF FF
0 x18F00400 0F FF FF 50 14 FF FF FF
0 x18FEE000 FF FF FF FF 32 01 00 00
0 x18FEF100 FF 00 64 FF FF FF 1F FF
0 x18F00400 0F FF FF 50 14 FF FF FF
0 x18FEEE00 77 FF FF FF FF FF FF FF
0 x18FEEF00 FF FF FF 3F FF FF FF FF
0 x18FECA00 00 00 00 00 00 00 00 00
0 x18F00400 0F FF FF 50 14 FF FF FF
